Using pre-set license
Desktop is 4480 x 1440 @ 60 Hz

 COMMAND LINE ARGUMENTS:
Unity
-adb2
-batchMode
-noUpm
-name
AssetImportWorker0
-projectPath
/home/ssc/Projects/games/BasicPong3D
-logFile
Logs/AssetImportWorker0.log
-srvPort
43337
Successfully changed project path to: /home/ssc/Projects/games/BasicPong3D
/home/ssc/Projects/games/BasicPong3D
Using Asset Import Pipeline V2.
Unable to load player prefs
Refreshing native plugins compatible for Editor in 19.28 ms, found 0 plugins.
Preloading 0 native plugins for Editor in 0.00 ms.
Initialize engine version: 2020.3.1f1 (77a89f25062f)
[Subsystems] Discovering subsystems at path /home/ssc/Programs/Unity/2020.3.1f1/Editor/Data/Resources/UnitySubsystems
[Subsystems] Discovering subsystems at path /home/ssc/Projects/games/BasicPong3D/Assets
GLX Extensions: GLX_EXT_visual_info GLX_EXT_visual_rating GLX_EXT_import_context GLX_SGIX_fbconfig GLX_SGIX_pbuffer GLX_SGI_video_sync GLX_SGI_swap_control GLX_EXT_swap_control GLX_EXT_swap_control_tear GLX_EXT_texture_from_pixmap GLX_EXT_buffer_age GLX_ARB_create_context GLX_ARB_create_context_profile GLX_EXT_create_context_es_profile GLX_EXT_create_context_es2_profile GLX_ARB_create_context_no_error GLX_ARB_create_context_robustness GLX_NV_delay_before_swap GLX_EXT_stereo_tree GLX_ARB_context_flush_control GLX_NV_robustness_video_memory_purge GLX_ARB_multisample GLX_NV_float_buffer GLX_ARB_fbconfig_float GLX_EXT_framebuffer_sRGB GLX_NV_copy_image GLX_ARB_get_proc_address 
Renderer: GeForce GTX 970/PCIe/SSE2
Vendor:   NVIDIA Corporation
Version:  4.5.0 NVIDIA 390.143
GLES:     0
 GL_AMD_multi_draw_indirect GL_AMD_seamless_cubemap_per_texture GL_AMD_vertex_shader_viewport_index GL_AMD_vertex_shader_layer GL_ARB_arrays_of_arrays GL_ARB_base_instance GL_ARB_bindless_texture GL_ARB_blend_func_extended GL_ARB_buffer_storage GL_ARB_clear_buffer_object GL_ARB_clear_texture GL_ARB_clip_control GL_ARB_color_buffer_float GL_ARB_compressed_texture_pixel_storage GL_ARB_conservative_depth GL_ARB_compute_shader GL_ARB_compute_variable_group_size GL_ARB_conditional_render_inverted GL_ARB_copy_buffer GL_ARB_copy_image GL_ARB_cull_distance GL_ARB_debug_output GL_ARB_depth_buffer_float GL_ARB_depth_clamp GL_ARB_depth_texture GL_ARB_derivative_control GL_ARB_direct_state_access GL_ARB_draw_buffers GL_ARB_draw_buffers_blend GL_ARB_draw_indirect GL_ARB_draw_elements_base_vertex GL_ARB_draw_instanced GL_ARB_enhanced_layouts GL_ARB_ES2_compatibility GL_ARB_ES3_compatibility GL_ARB_ES3_1_compatibility GL_ARB_ES3_2_compatibility GL_ARB_explicit_attrib_location GL_ARB_explicit_uniform_location GL_ARB_fragmen
t_coord_conventions GL_ARB_fragment_layer_viewport GL_ARB_fragment_program GL_ARB_fragment_program_shadow GL_ARB_fragment_shader GL_ARB_fragment_shader_interlock GL_ARB_framebuffer_no_attachments GL_ARB_framebuffer_object GL_ARB_framebuffer_sRGB GL_ARB_geometry_shader4 GL_ARB_get_program_binary GL_ARB_get_texture_sub_image GL_ARB_gl_spirv GL_ARB_gpu_shader5 GL_ARB_gpu_shader_fp64 GL_ARB_gpu_shader_int64 GL_ARB_half_float_pixel GL_ARB_half_float_vertex GL_ARB_imaging GL_ARB_indirect_parameters GL_ARB_instanced_arrays GL_ARB_internalformat_query GL_ARB_internalformat_query2 GL_ARB_invalidate_subdata GL_ARB_map_buffer_alignment GL_ARB_map_buffer_range GL_ARB_multi_bind GL_ARB_multi_draw_indirect GL_ARB_multisample GL_ARB_multitexture GL_ARB_occlusion_query GL_ARB_occlusion_query2 GL_ARB_parallel_shader_compile GL_ARB_pipeline_statistics_query GL_ARB_pixel_buffer_object GL_ARB_point_parameters GL_ARB_point_sprite GL_ARB_polygon_offset_clamp GL_ARB_post_depth_coverage GL_ARB_program_interface_query GL_ARB_provoki
ng_vertex GL_ARB_query_buffer_object GL_ARB_robust_buffer_access_behavior GL_ARB_robustness GL_ARB_sample_locations GL_ARB_sample_shading GL_ARB_sampler_objects GL_ARB_seamless_cube_map GL_ARB_seamless_cubemap_per_texture GL_ARB_separate_shader_objects GL_ARB_shader_atomic_counter_ops GL_ARB_shader_atomic_counters GL_ARB_shader_ballot GL_ARB_shader_bit_encoding GL_ARB_shader_clock GL_ARB_shader_draw_parameters GL_ARB_shader_group_vote GL_ARB_shader_image_load_store GL_ARB_shader_image_size GL_ARB_shader_objects GL_ARB_shader_precision GL_ARB_shader_storage_buffer_object GL_ARB_shader_subroutine GL_ARB_shader_texture_image_samples GL_ARB_shader_texture_lod GL_ARB_shading_language_100 GL_ARB_shader_viewport_layer_array GL_ARB_shading_language_420pack GL_ARB_shading_language_include GL_ARB_shading_language_packing GL_ARB_shadow GL_ARB_sparse_buffer GL_ARB_sparse_texture GL_ARB_sparse_texture2 GL_ARB_sparse_texture_clamp GL_ARB_spirv_extensions GL_ARB_stencil_texturing GL_ARB_sync GL_ARB_tessellation_shader GL_A
RB_texture_barrier GL_ARB_texture_border_clamp GL_ARB_texture_buffer_object GL_ARB_texture_buffer_object_rgb32 GL_ARB_texture_buffer_range GL_ARB_texture_compression GL_ARB_texture_compression_bptc GL_ARB_texture_compression_rgtc GL_ARB_texture_cube_map GL_ARB_texture_cube_map_array GL_ARB_texture_env_add GL_ARB_texture_env_combine GL_ARB_texture_env_crossbar GL_ARB_texture_env_dot3 GL_ARB_texture_filter_anisotropic GL_ARB_texture_filter_minmax GL_ARB_texture_float GL_ARB_texture_gather GL_ARB_texture_mirror_clamp_to_edge GL_ARB_texture_mirrored_repeat GL_ARB_texture_multisample GL_ARB_texture_non_power_of_two GL_ARB_texture_query_levels GL_ARB_texture_query_lod GL_ARB_texture_rectangle GL_ARB_texture_rg GL_ARB_texture_rgb10_a2ui GL_ARB_texture_stencil8 GL_ARB_texture_storage GL_ARB_texture_storage_multisample GL_ARB_texture_swizzle GL_ARB_texture_view GL_ARB_timer_query GL_ARB_transform_feedback2 GL_ARB_transform_feedback3 GL_ARB_transform_feedback_instanced GL_ARB_transform_feedback_overflow_query GL_ARB_t
ranspose_matrix GL_ARB_uniform_buffer_object GL_ARB_vertex_array_bgra GL_ARB_vertex_array_object GL_ARB_vertex_attrib_64bit GL_ARB_vertex_attrib_binding GL_ARB_vertex_buffer_object GL_ARB_vertex_program GL_ARB_vertex_shader GL_ARB_vertex_type_10f_11f_11f_rev GL_ARB_vertex_type_2_10_10_10_rev GL_ARB_viewport_array GL_ARB_window_pos GL_ATI_draw_buffers GL_ATI_texture_float GL_ATI_texture_mirror_once GL_S3_s3tc GL_EXT_texture_env_add GL_EXT_abgr GL_EXT_bgra GL_EXT_bindable_uniform GL_EXT_blend_color GL_EXT_blend_equation_separate GL_EXT_blend_func_separate GL_EXT_blend_minmax GL_EXT_blend_subtract GL_EXT_compiled_vertex_array GL_EXT_Cg_shader GL_EXT_depth_bounds_test GL_EXT_direct_state_access GL_EXT_draw_buffers2 GL_EXT_draw_instanced GL_EXT_draw_range_elements GL_EXT_fog_coord GL_EXT_framebuffer_blit GL_EXT_framebuffer_multisample GL_EXTX_framebuffer_mixed_formats GL_EXT_framebuffer_multisample_blit_scaled GL_EXT_framebuffer_object GL_EXT_framebuffer_sRGB GL_EXT_geometry_shader4 GL_EXT_gpu_program_parameters 
GL_EXT_gpu_shader4 GL_EXT_multi_draw_arrays GL_EXT_packed_depth_stencil GL_EXT_packed_float GL_EXT_packed_pixels GL_EXT_pixel_buffer_object GL_EXT_point_parameters GL_EXT_polygon_offset_clamp GL_EXT_post_depth_coverage GL_EXT_provoking_vertex GL_EXT_raster_multisample GL_EXT_rescale_normal GL_EXT_secondary_color GL_EXT_separate_shader_objects GL_EXT_separate_specular_color GL_EXT_shader_image_load_formatted GL_EXT_shader_image_load_store GL_EXT_shader_integer_mix GL_EXT_shadow_funcs GL_EXT_sparse_texture2 GL_EXT_stencil_two_side GL_EXT_stencil_wrap GL_EXT_texture3D GL_EXT_texture_array GL_EXT_texture_buffer_object GL_EXT_texture_compression_dxt1 GL_EXT_texture_compression_latc GL_EXT_texture_compression_rgtc GL_EXT_texture_compression_s3tc GL_EXT_texture_cube_map GL_EXT_texture_edge_clamp GL_EXT_texture_env_combine GL_EXT_texture_env_dot3 GL_EXT_texture_filter_anisotropic GL_EXT_texture_filter_minmax GL_EXT_texture_integer GL_EXT_texture_lod GL_EXT_texture_lod_bias GL_EXT_texture_mirror_clamp GL_EXT_texture_
object GL_EXT_texture_shared_exponent GL_EXT_texture_sRGB GL_EXT_texture_sRGB_decode GL_EXT_texture_storage GL_EXT_texture_swizzle GL_EXT_timer_query GL_EXT_transform_feedback2 GL_EXT_vertex_array GL_EXT_vertex_array_bgra GL_EXT_vertex_attrib_64bit GL_EXT_window_rectangles GL_EXT_x11_sync_object GL_EXT_import_sync_object GL_NV_robustness_video_memory_purge GL_IBM_rasterpos_clip GL_IBM_texture_mirrored_repeat GL_KHR_context_flush_control GL_KHR_debug GL_EXT_memory_object GL_EXT_memory_object_fd GL_KHR_parallel_shader_compile GL_KHR_no_error GL_KHR_robust_buffer_access_behavior GL_KHR_robustness GL_EXT_semaphore GL_EXT_semaphore_fd GL_KTX_buffer_region GL_NV_alpha_to_coverage_dither_control GL_NV_bindless_multi_draw_indirect GL_NV_bindless_multi_draw_indirect_count GL_NV_bindless_texture GL_NV_blend_equation_advanced GL_NV_blend_equation_advanced_coherent GL_NV_blend_minmax_factor GL_NV_blend_square GL_NV_command_list GL_NV_compute_program5 GL_NV_conditional_render GL_NV_conservative_raster GL_NV_conservative_
raster_dilate GL_NV_copy_depth_to_color GL_NV_copy_image GL_NV_depth_buffer_float GL_NV_depth_clamp GL_NV_draw_texture GL_NV_draw_vulkan_image GL_NV_ES1_1_compatibility GL_NV_ES3_1_compatibility GL_NV_explicit_multisample GL_NV_fence GL_NV_fill_rectangle GL_NV_float_buffer GL_NV_fog_distance GL_NV_fragment_coverage_to_color GL_NV_fragment_program GL_NV_fragment_program_option GL_NV_fragment_program2 GL_NV_fragment_shader_interlock GL_NV_framebuffer_mixed_samples GL_NV_framebuffer_multisample_coverage GL_NV_geometry_shader4 GL_NV_geometry_shader_passthrough GL_NV_gpu_program4 GL_NV_internalformat_sample_query GL_NV_gpu_program4_1 GL_NV_gpu_program5 GL_NV_gpu_program5_mem_extended GL_NV_gpu_program_fp64 GL_NV_gpu_shader5 GL_NV_half_float GL_NV_light_max_exponent GL_NV_multisample_coverage GL_NV_multisample_filter_hint GL_NV_occlusion_query GL_NV_packed_depth_stencil GL_NV_parameter_buffer_object GL_NV_parameter_buffer_object2 GL_NV_path_rendering GL_NV_path_rendering_shared_edge GL_NV_pixel_data_range GL_NV_po
int_sprite GL_NV_primitive_restart GL_NV_query_resource GL_NV_query_resource_tag GL_NV_register_combiners GL_NV_register_combiners2 GL_NV_sample_locations GL_NV_sample_mask_override_coverage GL_NV_shader_atomic_counters GL_NV_shader_atomic_float GL_NV_shader_atomic_fp16_vector GL_NV_shader_atomic_int64 GL_NV_shader_buffer_load GL_NV_shader_storage_buffer_object GL_NV_texgen_reflection GL_NV_texture_barrier GL_NV_texture_compression_vtc GL_NV_texture_env_combine4 GL_NV_texture_multisample GL_NV_texture_rectangle GL_NV_texture_rectangle_compressed GL_NV_texture_shader GL_NV_texture_shader2 GL_NV_texture_shader3 GL_NV_transform_feedback GL_NV_transform_feedback2 GL_NV_uniform_buffer_unified_memory GL_NV_vdpau_interop GL_NV_vertex_array_range GL_NV_vertex_array_range2 GL_NV_vertex_attrib_integer_64bit GL_NV_vertex_buffer_unified_memory GL_NV_vertex_program GL_NV_vertex_program1_1 GL_NV_vertex_program2 GL_NV_vertex_program2_option GL_NV_vertex_program3 GL_NV_viewport_array2 GL_NV_viewport_swizzle GL_NVX_condition
al_render GL_NVX_gpu_memory_info GL_NVX_nvenc_interop GL_NV_shader_thread_group GL_NV_shader_thread_shuffle GL_KHR_blend_equation_advanced GL_KHR_blend_equation_advanced_coherent GL_SGIS_generate_mipmap GL_SGIS_texture_lod GL_SGIX_depth_texture GL_SGIX_shadow GL_SUN_slice_accum
OPENGL LOG: Creating OpenGL 4.5 graphics device ; Context level  <OpenGL 4.5> ; Context handle 799162696
Initialize mono
Mono path[0] = '/home/ssc/Programs/Unity/2020.3.1f1/Editor/Data/Managed'
Mono path[1] = '/home/ssc/Programs/Unity/2020.3.1f1/Editor/Data/MonoBleedingEdge/lib/mono/unityjit'
Mono config path = '/home/ssc/Programs/Unity/2020.3.1f1/Editor/Data/MonoBleedingEdge/etc'
Using monoOptions --debugger-agent=transport=dt_socket,embedding=1,server=y,suspend=n,address=127.0.0.1:56799
Begin MonoManager ReloadAssembly
Registering precompiled unity dll's ...
Register platform support module: /home/ssc/Programs/Unity/2020.3.1f1/Editor/Data/PlaybackEngines/LinuxStandaloneSupport/UnityEditor.LinuxStandalone.Extensions.dll
Registered in 0.001065 seconds.
Native extension for LinuxStandalone target not found
Refreshing native plugins compatible for Editor in 21.46 ms, found 0 plugins.
Preloading 0 native plugins for Editor in 0.00 ms.
Invoked RoslynAnalysisRunner static constructor.
RoslynAnalysisRunner will not be running.
RoslynAnalysisRunner has terminated.
Mono: successfully reloaded assembly
- Completed reload, in  0.948 seconds
Platform modules already initialized, skipping
Registering precompiled user dll's ...
Registered in 0.000333 seconds.
Begin MonoManager ReloadAssembly
Native extension for LinuxStandalone target not found
Refreshing native plugins compatible for Editor in 0.21 ms, found 0 plugins.
Preloading 0 native plugins for Editor in 0.00 ms.
Invoked RoslynAnalysisRunner static constructor.
RoslynAnalysisRunner will not be running.
RoslynAnalysisRunner has terminated.
Mono: successfully reloaded assembly
- Completed reload, in  0.667 seconds
Platform modules already initialized, skipping
========================================================================
Worker process is ready to serve import requests
Launched and connected shader compiler UnityShaderCompiler after 0.01 seconds
Refreshing native plugins compatible for Editor in 0.18 ms, found 0 plugins.
Preloading 0 native plugins for Editor in 0.00 ms.
Unloading 1113 Unused Serialized files (Serialized files now loaded: 0)
System memory in use before: 51.2 MB.
System memory in use after: 51.2 MB.

Unloading 10 unused Assets to reduce memory usage. Loaded Objects now: 1555.
Total: 2.398192 ms (FindLiveObjects: 0.133253 ms CreateObjectMapping: 0.043334 ms MarkObjects: 2.064037 ms  DeleteObjects: 0.154526 ms)

========================================================================
Received Import Request.
  path: Assets/Scenes
  artifactKey: Guid(3c9bc363e85dde05fb3d03ca43a1693c) Importer(815301076,1909f56bfc062723c751e8b465ee728b)
Start importing Assets/Scenes using Guid(3c9bc363e85dde05fb3d03ca43a1693c) Importer(815301076,1909f56bfc062723c751e8b465ee728b)  -> (artifact id: '5286c42ffac4c7ad94f8e3a6dfe54493') in 0.004040 seconds
  Import took 0.007139 seconds .

========================================================================
Received Import Request.
  Time since last request: 0.000259 seconds.
  path: Assets/Scenes/SampleScene.unity
  artifactKey: Guid(9fc0d4010bbf28b4594072e72b8655ab) Importer(815301076,1909f56bfc062723c751e8b465ee728b)
Start importing Assets/Scenes/SampleScene.unity using Guid(9fc0d4010bbf28b4594072e72b8655ab) Importer(815301076,1909f56bfc062723c751e8b465ee728b)  -> (artifact id: '9a0c7bd3eade52b464e03a3fa19ccb01') in 0.006540 seconds
  Import took 0.008319 seconds .

========================================================================
Received Import Request.
  Time since last request: 5.559640 seconds.
  path: Assets/Scenes/SampleScene.unity
  artifactKey: Guid(9fc0d4010bbf28b4594072e72b8655ab) Importer(815301076,1909f56bfc062723c751e8b465ee728b)
Start importing Assets/Scenes/SampleScene.unity using Guid(9fc0d4010bbf28b4594072e72b8655ab) Importer(815301076,1909f56bfc062723c751e8b465ee728b)  -> (artifact id: '3c28e8e8b5d98bdfb30f93b4fe020444') in 0.001006 seconds
  Import took 0.002754 seconds .

========================================================================
Received Import Request.
  Time since last request: 113.468724 seconds.
  path: Assets/Materials
  artifactKey: Guid(24c7d6d97aaf0e8a99b28a1a849f7a65) Importer(815301076,1909f56bfc062723c751e8b465ee728b)
Start importing Assets/Materials using Guid(24c7d6d97aaf0e8a99b28a1a849f7a65) Importer(815301076,1909f56bfc062723c751e8b465ee728b)  -> (artifact id: '67317a214e875f8096d328ab7edf9756') in 0.000797 seconds
  Import took 0.002610 seconds .

========================================================================
Received Import Request.
  Time since last request: 11.556764 seconds.
  path: Assets/Materials/DefaultOther.mat
  artifactKey: Guid(134398dc30f89f1b697869020a203104) Importer(815301076,1909f56bfc062723c751e8b465ee728b)
Start importing Assets/Materials/DefaultOther.mat using Guid(134398dc30f89f1b697869020a203104) Importer(815301076,1909f56bfc062723c751e8b465ee728b)  -> (artifact id: '279bb0e6d719aa8844c9f8d299e3c4fa') in 0.071483 seconds
  Import took 0.073451 seconds .

========================================================================
Received Import Request.
  Time since last request: 80.784268 seconds.
  path: Assets/Materials/playerBoard.mat
  artifactKey: Guid(1e8b9cfa314381d6cbdb1fef1951af42) Importer(815301076,1909f56bfc062723c751e8b465ee728b)
Start importing Assets/Materials/playerBoard.mat using Guid(1e8b9cfa314381d6cbdb1fef1951af42) Importer(815301076,1909f56bfc062723c751e8b465ee728b)  -> (artifact id: 'e7ffbdc87c004f33faa2f6d61074c9a0') in 0.007135 seconds
  Import took 0.009895 seconds .

========================================================================
Received Import Request.
  Time since last request: 0.016424 seconds.
  path: Assets/Materials/playerBoard.mat
  artifactKey: Guid(1e8b9cfa314381d6cbdb1fef1951af42) Importer(815301076,1909f56bfc062723c751e8b465ee728b)
Start importing Assets/Materials/playerBoard.mat using Guid(1e8b9cfa314381d6cbdb1fef1951af42) Importer(815301076,1909f56bfc062723c751e8b465ee728b)  -> (artifact id: 'e7ffbdc87c004f33faa2f6d61074c9a0') in 0.007185 seconds
  Import took 0.009940 seconds .

========================================================================
Received Prepare
Registering precompiled user dll's ...
Registered in 0.000374 seconds.
Begin MonoManager ReloadAssembly
Native extension for LinuxStandalone target not found
Refreshing native plugins compatible for Editor in 0.20 ms, found 0 plugins.
Preloading 0 native plugins for Editor in 0.00 ms.
Invoked RoslynAnalysisRunner static constructor.
RoslynAnalysisRunner will not be running.
RoslynAnalysisRunner has terminated.
Mono: successfully reloaded assembly
- Completed reload, in  0.748 seconds
Platform modules already initialized, skipping
Refreshing native plugins compatible for Editor in 0.19 ms, found 0 plugins.
Preloading 0 native plugins for Editor in 0.00 ms.
Unloading 1108 Unused Serialized files (Serialized files now loaded: 0)
System memory in use before: 52.8 MB.
System memory in use after: 52.8 MB.

Unloading 5 unused Assets to reduce memory usage. Loaded Objects now: 1598.
Total: 2.384654 ms (FindLiveObjects: 0.133913 ms CreateObjectMapping: 0.037539 ms MarkObjects: 2.164464 ms  DeleteObjects: 0.045366 ms)

========================================================================
Received Prepare
Registering precompiled user dll's ...
Registered in 0.000399 seconds.
Begin MonoManager ReloadAssembly
Native extension for LinuxStandalone target not found
Refreshing native plugins compatible for Editor in 0.20 ms, found 0 plugins.
Preloading 0 native plugins for Editor in 0.00 ms.
Invoked RoslynAnalysisRunner static constructor.
RoslynAnalysisRunner will not be running.
RoslynAnalysisRunner has terminated.
Mono: successfully reloaded assembly
- Completed reload, in  0.634 seconds
Platform modules already initialized, skipping
Refreshing native plugins compatible for Editor in 0.18 ms, found 0 plugins.
Preloading 0 native plugins for Editor in 0.00 ms.
Unloading 1108 Unused Serialized files (Serialized files now loaded: 0)
System memory in use before: 52.8 MB.
System memory in use after: 52.9 MB.

Unloading 5 unused Assets to reduce memory usage. Loaded Objects now: 1601.
Total: 2.008847 ms (FindLiveObjects: 0.125232 ms CreateObjectMapping: 0.032750 ms MarkObjects: 1.786775 ms  DeleteObjects: 0.060869 ms)

========================================================================
Received Import Request.
  Time since last request: 474.303162 seconds.
  path: Assets/New Folder
  artifactKey: Guid(270947e707a23533eb614ead3935a3b1) Importer(815301076,1909f56bfc062723c751e8b465ee728b)
Start importing Assets/New Folder using Guid(270947e707a23533eb614ead3935a3b1) Importer(815301076,1909f56bfc062723c751e8b465ee728b)  -> (artifact id: '56df6fc2f0aa89b79d7e7b6ee1cdd211') in 0.002902 seconds
  Import took 0.005123 seconds .

========================================================================
Received Import Request.
  Time since last request: 6.154366 seconds.
  path: Assets/Scripts
  artifactKey: Guid(270947e707a23533eb614ead3935a3b1) Importer(815301076,1909f56bfc062723c751e8b465ee728b)
Start importing Assets/Scripts using Guid(270947e707a23533eb614ead3935a3b1) Importer(815301076,1909f56bfc062723c751e8b465ee728b)  -> (artifact id: '1a86bac926157ba8f9b6eb382cbbafc0') in 0.000521 seconds
  Import took 0.002487 seconds .

========================================================================
Received Import Request.
  Time since last request: 14.198235 seconds.
  path: Assets/Scripts/MovePadle.cs
  artifactKey: Guid(eaed82a468c5bff65b9f19774d1dff11) Importer(815301076,1909f56bfc062723c751e8b465ee728b)
Start importing Assets/Scripts/MovePadle.cs using Guid(eaed82a468c5bff65b9f19774d1dff11) Importer(815301076,1909f56bfc062723c751e8b465ee728b)  -> (artifact id: 'ed58455fcb175e5b1354cf23e29746df') in 0.000988 seconds
  Import took 0.003035 seconds .

========================================================================
Received Import Request.
  Time since last request: 0.001901 seconds.
  path: Assets/Scripts/MovePadle.cs
  artifactKey: Guid(eaed82a468c5bff65b9f19774d1dff11) Importer(815301076,1909f56bfc062723c751e8b465ee728b)
Start importing Assets/Scripts/MovePadle.cs using Guid(eaed82a468c5bff65b9f19774d1dff11) Importer(815301076,1909f56bfc062723c751e8b465ee728b)  -> (artifact id: 'ed58455fcb175e5b1354cf23e29746df') in 0.000537 seconds
  Import took 0.002679 seconds .

========================================================================
Received Prepare
Registering precompiled user dll's ...
Registered in 0.000461 seconds.
Begin MonoManager ReloadAssembly
Native extension for LinuxStandalone target not found
Refreshing native plugins compatible for Editor in 0.20 ms, found 0 plugins.
Preloading 0 native plugins for Editor in 0.00 ms.
Invoked RoslynAnalysisRunner static constructor.
RoslynAnalysisRunner will not be running.
RoslynAnalysisRunner has terminated.
Mono: successfully reloaded assembly
- Completed reload, in  0.627 seconds
Platform modules already initialized, skipping
Refreshing native plugins compatible for Editor in 0.20 ms, found 0 plugins.
Preloading 0 native plugins for Editor in 0.00 ms.
Unloading 1109 Unused Serialized files (Serialized files now loaded: 0)
System memory in use before: 52.9 MB.
System memory in use after: 53.0 MB.

Unloading 5 unused Assets to reduce memory usage. Loaded Objects now: 1605.
Total: 1.880163 ms (FindLiveObjects: 0.135261 ms CreateObjectMapping: 0.031989 ms MarkObjects: 1.652227 ms  DeleteObjects: 0.057531 ms)

========================================================================
Received Import Request.
  Time since last request: 8.490113 seconds.
  path: Assets/Scripts/MovePaddle.cs
  artifactKey: Guid(eaed82a468c5bff65b9f19774d1dff11) Importer(815301076,1909f56bfc062723c751e8b465ee728b)
Start importing Assets/Scripts/MovePaddle.cs using Guid(eaed82a468c5bff65b9f19774d1dff11) Importer(815301076,1909f56bfc062723c751e8b465ee728b)  -> (artifact id: 'b97b8963a2a815d3e0332e5358f44dc9') in 0.003488 seconds
  Import took 0.006197 seconds .

========================================================================
Received Prepare
Registering precompiled user dll's ...
Registered in 0.000364 seconds.
Begin MonoManager ReloadAssembly
Native extension for LinuxStandalone target not found
Refreshing native plugins compatible for Editor in 0.19 ms, found 0 plugins.
Preloading 0 native plugins for Editor in 0.00 ms.
Invoked RoslynAnalysisRunner static constructor.
RoslynAnalysisRunner will not be running.
RoslynAnalysisRunner has terminated.
Mono: successfully reloaded assembly
- Completed reload, in  0.626 seconds
Platform modules already initialized, skipping
Refreshing native plugins compatible for Editor in 0.20 ms, found 0 plugins.
Preloading 0 native plugins for Editor in 0.00 ms.
Unloading 1109 Unused Serialized files (Serialized files now loaded: 0)
System memory in use before: 52.9 MB.
System memory in use after: 53.0 MB.

Unloading 5 unused Assets to reduce memory usage. Loaded Objects now: 1608.
Total: 1.905306 ms (FindLiveObjects: 0.128882 ms CreateObjectMapping: 0.031802 ms MarkObjects: 1.682771 ms  DeleteObjects: 0.058636 ms)

========================================================================
Received Import Request.
  Time since last request: 71.931000 seconds.
  path: Assets/Scripts/MovePaddle.cs
  artifactKey: Guid(eaed82a468c5bff65b9f19774d1dff11) Importer(815301076,1909f56bfc062723c751e8b465ee728b)
Start importing Assets/Scripts/MovePaddle.cs using Guid(eaed82a468c5bff65b9f19774d1dff11) Importer(815301076,1909f56bfc062723c751e8b465ee728b)  -> (artifact id: '5b6843de67ede83f882947d9bd09b4ec') in 0.003476 seconds
  Import took 0.006520 seconds .

========================================================================
Received Prepare
Registering precompiled user dll's ...
Registered in 0.000483 seconds.
Begin MonoManager ReloadAssembly
Native extension for LinuxStandalone target not found
Refreshing native plugins compatible for Editor in 0.22 ms, found 0 plugins.
Preloading 0 native plugins for Editor in 0.00 ms.
Invoked RoslynAnalysisRunner static constructor.
RoslynAnalysisRunner will not be running.
RoslynAnalysisRunner has terminated.
Mono: successfully reloaded assembly
- Completed reload, in  0.706 seconds
Platform modules already initialized, skipping
Refreshing native plugins compatible for Editor in 0.19 ms, found 0 plugins.
Preloading 0 native plugins for Editor in 0.00 ms.
Unloading 1117 Unused Serialized files (Serialized files now loaded: 0)
System memory in use before: 53.2 MB.
System memory in use after: 53.2 MB.

Unloading 5 unused Assets to reduce memory usage. Loaded Objects now: 1619.
Total: 2.360960 ms (FindLiveObjects: 0.271270 ms CreateObjectMapping: 0.100329 ms MarkObjects: 1.925055 ms  DeleteObjects: 0.060093 ms)

========================================================================
Received Import Request.
  Time since last request: 331.019022 seconds.
  path: Assets/Scripts/MovePaddle.cs
  artifactKey: Guid(eaed82a468c5bff65b9f19774d1dff11) Importer(815301076,1909f56bfc062723c751e8b465ee728b)
Start importing Assets/Scripts/MovePaddle.cs using Guid(eaed82a468c5bff65b9f19774d1dff11) Importer(815301076,1909f56bfc062723c751e8b465ee728b)  -> (artifact id: '1d192aba2175834e5a56cee82424c9ae') in 0.003390 seconds
  Import took 0.006233 seconds .

========================================================================
Received Import Request.
  Time since last request: 0.000401 seconds.
  path: Assets/Scripts/MovePaddle.cs
  artifactKey: Guid(eaed82a468c5bff65b9f19774d1dff11) Importer(815301076,1909f56bfc062723c751e8b465ee728b)
Start importing Assets/Scripts/MovePaddle.cs using Guid(eaed82a468c5bff65b9f19774d1dff11) Importer(815301076,1909f56bfc062723c751e8b465ee728b)  -> (artifact id: '1d192aba2175834e5a56cee82424c9ae') in 0.000851 seconds
  Import took 0.003380 seconds .

========================================================================
Received Prepare
Registering precompiled user dll's ...
Registered in 0.000602 seconds.
Begin MonoManager ReloadAssembly
Native extension for LinuxStandalone target not found
Refreshing native plugins compatible for Editor in 0.21 ms, found 0 plugins.
Preloading 0 native plugins for Editor in 0.00 ms.
Invoked RoslynAnalysisRunner static constructor.
RoslynAnalysisRunner will not be running.
RoslynAnalysisRunner has terminated.
Mono: successfully reloaded assembly
- Completed reload, in  0.741 seconds
Platform modules already initialized, skipping
Refreshing native plugins compatible for Editor in 0.22 ms, found 0 plugins.
Preloading 0 native plugins for Editor in 0.00 ms.
Unloading 1117 Unused Serialized files (Serialized files now loaded: 0)
System memory in use before: 53.2 MB.
System memory in use after: 53.2 MB.

Unloading 5 unused Assets to reduce memory usage. Loaded Objects now: 1622.
Total: 2.755689 ms (FindLiveObjects: 0.219627 ms CreateObjectMapping: 0.081344 ms MarkObjects: 2.390646 ms  DeleteObjects: 0.060600 ms)

========================================================================
Received Import Request.
  Time since last request: 9.783066 seconds.
  path: Assets/Scripts/MovePaddle.cs
  artifactKey: Guid(eaed82a468c5bff65b9f19774d1dff11) Importer(815301076,1909f56bfc062723c751e8b465ee728b)
Start importing Assets/Scripts/MovePaddle.cs using Guid(eaed82a468c5bff65b9f19774d1dff11) Importer(815301076,1909f56bfc062723c751e8b465ee728b)  -> (artifact id: '1df57a7f46d120172ba403ef3cbcd568') in 0.002867 seconds
  Import took 0.004934 seconds .

========================================================================
Received Prepare
Registering precompiled user dll's ...
Registered in 0.000423 seconds.
Begin MonoManager ReloadAssembly
Native extension for LinuxStandalone target not found
Refreshing native plugins compatible for Editor in 0.23 ms, found 0 plugins.
Preloading 0 native plugins for Editor in 0.00 ms.
Invoked RoslynAnalysisRunner static constructor.
RoslynAnalysisRunner will not be running.
RoslynAnalysisRunner has terminated.
Mono: successfully reloaded assembly
- Completed reload, in  0.691 seconds
Platform modules already initialized, skipping
Refreshing native plugins compatible for Editor in 0.17 ms, found 0 plugins.
Preloading 0 native plugins for Editor in 0.00 ms.
Unloading 1117 Unused Serialized files (Serialized files now loaded: 0)
System memory in use before: 53.2 MB.
System memory in use after: 53.2 MB.

Unloading 5 unused Assets to reduce memory usage. Loaded Objects now: 1625.
Total: 2.487941 ms (FindLiveObjects: 0.174739 ms CreateObjectMapping: 0.060965 ms MarkObjects: 2.193443 ms  DeleteObjects: 0.054289 ms)

========================================================================
Received Import Request.
  Time since last request: 391.124506 seconds.
  path: Assets
  artifactKey: Guid(00000000000000001000000000000000) Importer(815301076,1909f56bfc062723c751e8b465ee728b)
Start importing Assets using Guid(00000000000000001000000000000000) Importer(815301076,1909f56bfc062723c751e8b465ee728b)  -> (artifact id: 'a6374019befeac6ce670f13ba9960efb') in 0.002717 seconds
  Import took 0.005013 seconds .

========================================================================
Received Prepare
Registering precompiled user dll's ...
Registered in 0.000458 seconds.
Begin MonoManager ReloadAssembly
Native extension for LinuxStandalone target not found
Refreshing native plugins compatible for Editor in 0.20 ms, found 0 plugins.
Preloading 0 native plugins for Editor in 0.00 ms.
Invoked RoslynAnalysisRunner static constructor.
RoslynAnalysisRunner will not be running.
RoslynAnalysisRunner has terminated.
Mono: successfully reloaded assembly
- Completed reload, in  0.665 seconds
Platform modules already initialized, skipping
Refreshing native plugins compatible for Editor in 0.32 ms, found 0 plugins.
Preloading 0 native plugins for Editor in 0.00 ms.
Unloading 1117 Unused Serialized files (Serialized files now loaded: 0)
System memory in use before: 53.2 MB.
System memory in use after: 53.3 MB.

Unloading 5 unused Assets to reduce memory usage. Loaded Objects now: 1628.
Total: 2.732432 ms (FindLiveObjects: 0.199772 ms CreateObjectMapping: 0.057878 ms MarkObjects: 2.414416 ms  DeleteObjects: 0.056904 ms)

========================================================================
Received Import Request.
  Time since last request: 6.544416 seconds.
  path: Assets/Prefabs
  artifactKey: Guid(d0bab73191920a2a4956f0fe07946253) Importer(815301076,1909f56bfc062723c751e8b465ee728b)
Start importing Assets/Prefabs using Guid(d0bab73191920a2a4956f0fe07946253) Importer(815301076,1909f56bfc062723c751e8b465ee728b)  -> (artifact id: '9e203fc0c7502f32e2eb3cf1a6a7b827') in 0.003598 seconds
  Import took 0.007534 seconds .

========================================================================
Received Import Request.
  Time since last request: 12.315560 seconds.
  path: Assets/Prefabs/New Prefab.prefab
  artifactKey: Guid(2a361d97d291e9621bf1678958560573) Importer(815301076,1909f56bfc062723c751e8b465ee728b)
Start importing Assets/Prefabs/New Prefab.prefab using Guid(2a361d97d291e9621bf1678958560573) Importer(815301076,1909f56bfc062723c751e8b465ee728b)  -> (artifact id: 'bc4071fac1b00d91557572bf9c7bf210') in 0.017534 seconds
  Import took 0.019851 seconds .

========================================================================
Received Import Request.
  Time since last request: 0.000491 seconds.
  path: Assets/Prefabs/New Prefab.prefab
  artifactKey: Guid(2a361d97d291e9621bf1678958560573) Importer(815301076,1909f56bfc062723c751e8b465ee728b)
Start importing Assets/Prefabs/New Prefab.prefab using Guid(2a361d97d291e9621bf1678958560573) Importer(815301076,1909f56bfc062723c751e8b465ee728b)  -> (artifact id: 'bc4071fac1b00d91557572bf9c7bf210') in 0.001966 seconds
  Import took 0.003800 seconds .

========================================================================
Received Import Request.
  Time since last request: 11.101210 seconds.
  path: Assets/Scripts/MovePaddle.cs
  artifactKey: Guid(eaed82a468c5bff65b9f19774d1dff11) Importer(815301076,1909f56bfc062723c751e8b465ee728b)
Start importing Assets/Scripts/MovePaddle.cs using Guid(eaed82a468c5bff65b9f19774d1dff11) Importer(815301076,1909f56bfc062723c751e8b465ee728b)  -> (artifact id: '3e9cd0dfda2f1e4055079c886ea5f10e') in 0.000901 seconds
  Import took 0.003588 seconds .

========================================================================
Received Import Request.
  Time since last request: 0.002609 seconds.
  path: Assets/Scripts/MovePaddle.cs
  artifactKey: Guid(eaed82a468c5bff65b9f19774d1dff11) Importer(815301076,1909f56bfc062723c751e8b465ee728b)
Start importing Assets/Scripts/MovePaddle.cs using Guid(eaed82a468c5bff65b9f19774d1dff11) Importer(815301076,1909f56bfc062723c751e8b465ee728b)  -> (artifact id: '3e9cd0dfda2f1e4055079c886ea5f10e') in 0.000584 seconds
  Import took 0.002307 seconds .

========================================================================
Received Import Request.
  Time since last request: 111.513945 seconds.
  path: Assets/Prefabs/Prefab.prefab
  artifactKey: Guid(2a361d97d291e9621bf1678958560573) Importer(815301076,1909f56bfc062723c751e8b465ee728b)
Start importing Assets/Prefabs/Prefab.prefab using Guid(2a361d97d291e9621bf1678958560573) Importer(815301076,1909f56bfc062723c751e8b465ee728b)  -> (artifact id: '5b06b1bcfe3e32c6d221cb481b96240c') in 0.002427 seconds
  Import took 0.005646 seconds .

========================================================================
Received Import Request.
  Time since last request: 0.014742 seconds.
  path: Assets/Prefabs/Prefab.prefab
  artifactKey: Guid(2a361d97d291e9621bf1678958560573) Importer(815301076,1909f56bfc062723c751e8b465ee728b)
Start importing Assets/Prefabs/Prefab.prefab using Guid(2a361d97d291e9621bf1678958560573) Importer(815301076,1909f56bfc062723c751e8b465ee728b)  -> (artifact id: '5b06b1bcfe3e32c6d221cb481b96240c') in 0.002236 seconds
  Import took 0.005018 seconds .

========================================================================
Received Import Request.
  Time since last request: 1844.358761 seconds.
  path: Assets/Scenes/SampleScene.unity
  artifactKey: Guid(9fc0d4010bbf28b4594072e72b8655ab) Importer(815301076,1909f56bfc062723c751e8b465ee728b)
Start importing Assets/Scenes/SampleScene.unity using Guid(9fc0d4010bbf28b4594072e72b8655ab) Importer(815301076,1909f56bfc062723c751e8b465ee728b)  -> (artifact id: 'c94e26de93e0aa55ebef690b82fc093f') in 0.001053 seconds
  Import took 0.003233 seconds .

========================================================================
Received Prepare
Registering precompiled user dll's ...
Registered in 0.000478 seconds.
Begin MonoManager ReloadAssembly
Native extension for LinuxStandalone target not found
Refreshing native plugins compatible for Editor in 0.20 ms, found 0 plugins.
Preloading 0 native plugins for Editor in 0.00 ms.
Invoked RoslynAnalysisRunner static constructor.
RoslynAnalysisRunner will not be running.
RoslynAnalysisRunner has terminated.
Mono: successfully reloaded assembly
- Completed reload, in  0.645 seconds
Platform modules already initialized, skipping
Refreshing native plugins compatible for Editor in 0.20 ms, found 0 plugins.
Preloading 0 native plugins for Editor in 0.00 ms.
Unloading 1117 Unused Serialized files (Serialized files now loaded: 0)
System memory in use before: 53.2 MB.
System memory in use after: 53.3 MB.

Unloading 5 unused Assets to reduce memory usage. Loaded Objects now: 1631.
Total: 2.073804 ms (FindLiveObjects: 0.150591 ms CreateObjectMapping: 0.033634 ms MarkObjects: 1.834316 ms  DeleteObjects: 0.051659 ms)

========================================================================
Received Prepare
Registering precompiled user dll's ...
Registered in 0.000387 seconds.
Begin MonoManager ReloadAssembly
Native extension for LinuxStandalone target not found
Refreshing native plugins compatible for Editor in 0.20 ms, found 0 plugins.
Preloading 0 native plugins for Editor in 0.00 ms.
Invoked RoslynAnalysisRunner static constructor.
RoslynAnalysisRunner will not be running.
RoslynAnalysisRunner has terminated.
Mono: successfully reloaded assembly
- Completed reload, in  0.671 seconds
Platform modules already initialized, skipping
Refreshing native plugins compatible for Editor in 0.21 ms, found 0 plugins.
Preloading 0 native plugins for Editor in 0.00 ms.
Unloading 1117 Unused Serialized files (Serialized files now loaded: 0)
System memory in use before: 53.2 MB.
System memory in use after: 53.3 MB.

Unloading 5 unused Assets to reduce memory usage. Loaded Objects now: 1634.
Total: 2.223044 ms (FindLiveObjects: 0.184464 ms CreateObjectMapping: 0.041782 ms MarkObjects: 1.937804 ms  DeleteObjects: 0.055212 ms)

